
> otasim-ui@0.0.1 build-storybook /Users/jamong/PROJECT/otasim-ui
> storybook build "--output-dir=/var/folders/xy/s8rf2ng12cj4lhgqr9r0_0qw0000gn/T/chromatic--22004-D27P6ICZcPca"

[1m@storybook/core v8.5.0
[22m
info => Cleaning outputDir: [36m../../../../var/folders/xy/s8rf2ng12cj4lhgqr9r0_0qw0000gn/T/chromatic--22004-D27P6ICZcPca[39m
info => Loading presets
info => Building manager..
info => Manager built ([38;2;181;126;229m137 ms[39m)
info => Building preview..
info Using tsconfig paths for react-docgen
[36mvite v6.0.7 [32mbuilding for production...[36m[39m
transforming...
[32m✓[39m 128 modules transformed.
rendering chunks...
computing gzip size...
[2m../../../../var/folders/xy/s8rf2ng12cj4lhgqr9r0_0qw0000gn/T/chromatic--22004-D27P6ICZcPca/[22m[2massets/[22m[32mcontext-C0qIqeS4.png               [39m[1m[2m  6.12 kB[22m[1m[22m
[2m../../../../var/folders/xy/s8rf2ng12cj4lhgqr9r0_0qw0000gn/T/chromatic--22004-D27P6ICZcPca/[22m[2massets/[22m[32mstyling-Bk6zjRzU.png               [39m[1m[2m  7.24 kB[22m[1m[22m
[2m../../../../var/folders/xy/s8rf2ng12cj4lhgqr9r0_0qw0000gn/T/chromatic--22004-D27P6ICZcPca/[22m[32miframe.html                               [39m[1m[2m 16.56 kB[22m[1m[22m[2m │ gzip:   4.46 kB[22m
[2m../../../../var/folders/xy/s8rf2ng12cj4lhgqr9r0_0qw0000gn/T/chromatic--22004-D27P6ICZcPca/[22m[2massets/[22m[32mdocs---vsFbMi.png                  [39m[1m[2m 27.88 kB[22m[1m[22m
[2m../../../../var/folders/xy/s8rf2ng12cj4lhgqr9r0_0qw0000gn/T/chromatic--22004-D27P6ICZcPca/[22m[2massets/[22m[32mshare-DGA-UcQf.png                 [39m[1m[2m 40.77 kB[22m[1m[22m
[2m../../../../var/folders/xy/s8rf2ng12cj4lhgqr9r0_0qw0000gn/T/chromatic--22004-D27P6ICZcPca/[22m[2massets/[22m[32maccessibility-W_h2acOZ.png         [39m[1m[2m 42.34 kB[22m[1m[22m
[2m../../../../var/folders/xy/s8rf2ng12cj4lhgqr9r0_0qw0000gn/T/chromatic--22004-D27P6ICZcPca/[22m[2massets/[22m[32mfigma-plugin-CH2hELiO.png          [39m[1m[2m 44.25 kB[22m[1m[22m
[2m../../../../var/folders/xy/s8rf2ng12cj4lhgqr9r0_0qw0000gn/T/chromatic--22004-D27P6ICZcPca/[22m[2massets/[22m[32mtheming-D6WJLNoW.png               [39m[1m[2m 44.37 kB[22m[1m[22m
[2m../../../../var/folders/xy/s8rf2ng12cj4lhgqr9r0_0qw0000gn/T/chromatic--22004-D27P6ICZcPca/[22m[2massets/[22m[32mtesting-cbzR9l9r.png               [39m[1m[2m 49.31 kB[22m[1m[22m
[2m../../../../var/folders/xy/s8rf2ng12cj4lhgqr9r0_0qw0000gn/T/chromatic--22004-D27P6ICZcPca/[22m[2massets/[22m[32maddon-library-BWUCAmyN.png         [39m[1m[2m467.37 kB[22m[1m[22m
[2m../../../../var/folders/xy/s8rf2ng12cj4lhgqr9r0_0qw0000gn/T/chromatic--22004-D27P6ICZcPca/[22m[2massets/[22m[35mHeader-Ck-SSN7O.css                [39m[1m[2m  0.51 kB[22m[1m[22m[2m │ gzip:   0.30 kB[22m
[2m../../../../var/folders/xy/s8rf2ng12cj4lhgqr9r0_0qw0000gn/T/chromatic--22004-D27P6ICZcPca/[22m[2massets/[22m[35mButton-B2efaGtC.css                [39m[1m[2m  0.52 kB[22m[1m[22m[2m │ gzip:   0.29 kB[22m
[2m../../../../var/folders/xy/s8rf2ng12cj4lhgqr9r0_0qw0000gn/T/chromatic--22004-D27P6ICZcPca/[22m[2massets/[22m[35mPage-CeeQJVdd.css                  [39m[1m[2m  0.91 kB[22m[1m[22m[2m │ gzip:   0.39 kB[22m
[2m../../../../var/folders/xy/s8rf2ng12cj4lhgqr9r0_0qw0000gn/T/chromatic--22004-D27P6ICZcPca/[22m[2massets/[22m[35mpreview-lS8645Iu.css               [39m[1m[2m  5.48 kB[22m[1m[22m[2m │ gzip:   1.67 kB[22m
[2m../../../../var/folders/xy/s8rf2ng12cj4lhgqr9r0_0qw0000gn/T/chromatic--22004-D27P6ICZcPca/[22m[2massets/[22m[36mpreview-Dm3HhJKl.js                [39m[1m[2m  0.11 kB[22m[1m[22m[2m │ gzip:   0.11 kB[22m
[2m../../../../var/folders/xy/s8rf2ng12cj4lhgqr9r0_0qw0000gn/T/chromatic--22004-D27P6ICZcPca/[22m[2massets/[22m[36mpreview-DeyC_xrE.js                [39m[1m[2m  0.16 kB[22m[1m[22m[2m │ gzip:   0.16 kB[22m
[2m../../../../var/folders/xy/s8rf2ng12cj4lhgqr9r0_0qw0000gn/T/chromatic--22004-D27P6ICZcPca/[22m[2massets/[22m[36mpreview-Zk6Lo_wo.js                [39m[1m[2m  0.17 kB[22m[1m[22m[2m │ gzip:   0.15 kB[22m
[2m../../../../var/folders/xy/s8rf2ng12cj4lhgqr9r0_0qw0000gn/T/chromatic--22004-D27P6ICZcPca/[22m[2massets/[22m[36mindex-3LwI-BAG.js                  [39m[1m[2m  0.42 kB[22m[1m[22m[2m │ gzip:   0.27 kB[22m
[2m../../../../var/folders/xy/s8rf2ng12cj4lhgqr9r0_0qw0000gn/T/chromatic--22004-D27P6ICZcPca/[22m[2massets/[22m[36mpreview-DGUiP6tS.js                [39m[1m[2m  0.71 kB[22m[1m[22m[2m │ gzip:   0.49 kB[22m
[2m../../../../var/folders/xy/s8rf2ng12cj4lhgqr9r0_0qw0000gn/T/chromatic--22004-D27P6ICZcPca/[22m[2massets/[22m[36mchunk-XP5HYGXS-DH4vAeCa.js         [39m[1m[2m  0.72 kB[22m[1m[22m[2m │ gzip:   0.41 kB[22m
[2m../../../../var/folders/xy/s8rf2ng12cj4lhgqr9r0_0qw0000gn/T/chromatic--22004-D27P6ICZcPca/[22m[2massets/[22m[36mjsx-runtime-CLpGMVip.js            [39m[1m[2m  0.73 kB[22m[1m[22m[2m │ gzip:   0.46 kB[22m
[2m../../../../var/folders/xy/s8rf2ng12cj4lhgqr9r0_0qw0000gn/T/chromatic--22004-D27P6ICZcPca/[22m[2massets/[22m[36mbutton.stories-DA7YbpSI.js         [39m[1m[2m  0.74 kB[22m[1m[22m[2m │ gzip:   0.49 kB[22m
[2m../../../../var/folders/xy/s8rf2ng12cj4lhgqr9r0_0qw0000gn/T/chromatic--22004-D27P6ICZcPca/[22m[2massets/[22m[36mindex-ogSvIofg.js                  [39m[1m[2m  0.77 kB[22m[1m[22m[2m │ gzip:   0.47 kB[22m
[2m../../../../var/folders/xy/s8rf2ng12cj4lhgqr9r0_0qw0000gn/T/chromatic--22004-D27P6ICZcPca/[22m[2massets/[22m[36mpreview-D4Zh73j-.js                [39m[1m[2m  0.79 kB[22m[1m[22m[2m │ gzip:   0.50 kB[22m
[2m../../../../var/folders/xy/s8rf2ng12cj4lhgqr9r0_0qw0000gn/T/chromatic--22004-D27P6ICZcPca/[22m[2massets/[22m[36mreact-18-k_sQnCMK.js               [39m[1m[2m  0.80 kB[22m[1m[22m[2m │ gzip:   0.47 kB[22m
[2m../../../../var/folders/xy/s8rf2ng12cj4lhgqr9r0_0qw0000gn/T/chromatic--22004-D27P6ICZcPca/[22m[2massets/[22m[36mHeader.stories-C6y9Q9DA.js         [39m[1m[2m  0.86 kB[22m[1m[22m[2m │ gzip:   0.45 kB[22m
[2m../../../../var/folders/xy/s8rf2ng12cj4lhgqr9r0_0qw0000gn/T/chromatic--22004-D27P6ICZcPca/[22m[2massets/[22m[36mButton-D9njPlDH.js                 [39m[1m[2m  1.23 kB[22m[1m[22m[2m │ gzip:   0.60 kB[22m
[2m../../../../var/folders/xy/s8rf2ng12cj4lhgqr9r0_0qw0000gn/T/chromatic--22004-D27P6ICZcPca/[22m[2massets/[22m[36mButton.stories-DWLnOm4V.js         [39m[1m[2m  1.49 kB[22m[1m[22m[2m │ gzip:   0.56 kB[22m
[2m../../../../var/folders/xy/s8rf2ng12cj4lhgqr9r0_0qw0000gn/T/chromatic--22004-D27P6ICZcPca/[22m[2massets/[22m[36mHeader-BLe2ysRW.js                 [39m[1m[2m  1.79 kB[22m[1m[22m[2m │ gzip:   0.78 kB[22m
[2m../../../../var/folders/xy/s8rf2ng12cj4lhgqr9r0_0qw0000gn/T/chromatic--22004-D27P6ICZcPca/[22m[2massets/[22m[36mDocsRenderer-CFRXHY34-DsSR1QKL.js  [39m[1m[2m  1.92 kB[22m[1m[22m[2m │ gzip:   0.98 kB[22m
[2m../../../../var/folders/xy/s8rf2ng12cj4lhgqr9r0_0qw0000gn/T/chromatic--22004-D27P6ICZcPca/[22m[2massets/[22m[36mpreview-RFMnorYX.js                [39m[1m[2m  3.50 kB[22m[1m[22m[2m │ gzip:   1.69 kB[22m
[2m../../../../var/folders/xy/s8rf2ng12cj4lhgqr9r0_0qw0000gn/T/chromatic--22004-D27P6ICZcPca/[22m[2massets/[22m[36mPage.stories-BrUIRYUE.js           [39m[1m[2m  3.59 kB[22m[1m[22m[2m │ gzip:   1.55 kB[22m
[2m../../../../var/folders/xy/s8rf2ng12cj4lhgqr9r0_0qw0000gn/T/chromatic--22004-D27P6ICZcPca/[22m[2massets/[22m[36mindex-C-aVi5AG.js                  [39m[1m[2m  3.89 kB[22m[1m[22m[2m │ gzip:   1.52 kB[22m
[2m../../../../var/folders/xy/s8rf2ng12cj4lhgqr9r0_0qw0000gn/T/chromatic--22004-D27P6ICZcPca/[22m[2massets/[22m[36mpreview-iUmqt_lp.js                [39m[1m[2m  5.03 kB[22m[1m[22m[2m │ gzip:   1.86 kB[22m
[2m../../../../var/folders/xy/s8rf2ng12cj4lhgqr9r0_0qw0000gn/T/chromatic--22004-D27P6ICZcPca/[22m[2massets/[22m[36mpreview-DY_pW_WS.js                [39m[1m[2m  7.62 kB[22m[1m[22m[2m │ gzip:   1.57 kB[22m
[2m../../../../var/folders/xy/s8rf2ng12cj4lhgqr9r0_0qw0000gn/T/chromatic--22004-D27P6ICZcPca/[22m[2massets/[22m[36mindex-B-SYruCi.js                  [39m[1m[2m  7.90 kB[22m[1m[22m[2m │ gzip:   3.05 kB[22m
[2m../../../../var/folders/xy/s8rf2ng12cj4lhgqr9r0_0qw0000gn/T/chromatic--22004-D27P6ICZcPca/[22m[2massets/[22m[36mpreview-CFgKly6U.js                [39m[1m[2m  8.12 kB[22m[1m[22m[2m │ gzip:   3.08 kB[22m
[2m../../../../var/folders/xy/s8rf2ng12cj4lhgqr9r0_0qw0000gn/T/chromatic--22004-D27P6ICZcPca/[22m[2massets/[22m[36mConfigure-CIF7Wt4q.js              [39m[1m[2m 25.84 kB[22m[1m[22m[2m │ gzip:  10.93 kB[22m
[2m../../../../var/folders/xy/s8rf2ng12cj4lhgqr9r0_0qw0000gn/T/chromatic--22004-D27P6ICZcPca/[22m[2massets/[22m[36mColor-F6OSRLHC-BVJ2tcG9.js         [39m[1m[2m 29.29 kB[22m[1m[22m[2m │ gzip:  10.89 kB[22m
[2m../../../../var/folders/xy/s8rf2ng12cj4lhgqr9r0_0qw0000gn/T/chromatic--22004-D27P6ICZcPca/[22m[2massets/[22m[36mentry-preview-VsonY0V0.js          [39m[1m[2m 29.79 kB[22m[1m[22m[2m │ gzip:   9.66 kB[22m
[2m../../../../var/folders/xy/s8rf2ng12cj4lhgqr9r0_0qw0000gn/T/chromatic--22004-D27P6ICZcPca/[22m[2massets/[22m[36mindex-NOh9rqHv.js                  [39m[1m[2m 53.74 kB[22m[1m[22m[2m │ gzip:  15.50 kB[22m
[2m../../../../var/folders/xy/s8rf2ng12cj4lhgqr9r0_0qw0000gn/T/chromatic--22004-D27P6ICZcPca/[22m[2massets/[22m[36mclient-Y0SK26f0.js                 [39m[1m[2m172.32 kB[22m[1m[22m[2m │ gzip:  54.72 kB[22m
[2m../../../../var/folders/xy/s8rf2ng12cj4lhgqr9r0_0qw0000gn/T/chromatic--22004-D27P6ICZcPca/[22m[2massets/[22m[36miframe-UQHX3cnW.js                 [39m[1m[2m192.11 kB[22m[1m[22m[2m │ gzip:  66.16 kB[22m
[2m../../../../var/folders/xy/s8rf2ng12cj4lhgqr9r0_0qw0000gn/T/chromatic--22004-D27P6ICZcPca/[22m[2massets/[22m[36mentry-preview-docs-BYzg4lRZ.js     [39m[1m[2m244.56 kB[22m[1m[22m[2m │ gzip:  72.49 kB[22m
[2m../../../../var/folders/xy/s8rf2ng12cj4lhgqr9r0_0qw0000gn/T/chromatic--22004-D27P6ICZcPca/[22m[2massets/[22m[36mindex-CzcCtgtE.js                  [39m[1m[33m660.60 kB[39m[22m[2m │ gzip: 155.66 kB[22m
[2m../../../../var/folders/xy/s8rf2ng12cj4lhgqr9r0_0qw0000gn/T/chromatic--22004-D27P6ICZcPca/[22m[2massets/[22m[36mindex-BoCZjGA-.js                  [39m[1m[33m875.08 kB[39m[22m[2m │ gzip: 272.04 kB[22m
[32m✓ built in 2.30s[39m
info => Preview built ([38;2;181;126;229m2.61 s[39m)
info => Output directory: /var/folders/xy/s8rf2ng12cj4lhgqr9r0_0qw0000gn/T/chromatic--22004-D27P6ICZcPca
